2024-09-16 21:36:14,494 - aqt.main - INFO - installer 140428974174208 aqtinstall(aqt) v3.1.17 on Python 3.10.12 [CPython GCC 11.4.0]
2024-09-16 21:36:14,494 - aqt.main - WARNING - installer 140428974174208 The command 'install' is deprecated and marked for removal in a future version of aqt.
In the future, please use the command 'install-qt' instead.
2024-09-16 21:36:14,494 - aqt.main - ERROR - installer 140428974174208 Invalid version: '5'! Please use the form '5.X.Y'.
2024-09-16 21:36:33,041 - aqt.main - INFO - installer 140335970627584 aqtinstall(aqt) v3.1.17 on Python 3.10.12 [CPython GCC 11.4.0]
2024-09-16 21:36:33,358 - aqt.installer - INFO - installer 140335970627584 Resolved spec '5' to 5.15.2
2024-09-16 21:36:33,359 - aqt.helper - DEBUG - helper 140335970627584 Attempt to download checksum at https://download.qt.io/online/qtsdkrepository/linux_x64/desktop/qt5_5152/Updates.xml.sha256
2024-09-16 21:36:33,926 - aqt.helper - DEBUG - helper 140328755621888 Attempt to download checksum at https://download.qt.io/online/qtsdkrepository/linux_x64/desktop/qt5_5152/qt.qt5.5152.gcc_64/5.15.2-0-202011130601qtx11extras-Linux-RHEL_7_6-GCC-Linux-RHEL_7_6-X86_64.7z.sha256
2024-09-16 21:36:33,926 - aqt.helper - DEBUG - helper 140600062664704 Attempt to download checksum at https://download.qt.io/online/qtsdkrepository/linux_x64/desktop/qt5_5152/qt.qt5.5152.gcc_64/5.15.2-0-202011130601qtgraphicaleffects-Linux-RHEL_7_6-GCC-Linux-RHEL_7_6-X86_64.7z.sha256
2024-09-16 21:36:33,926 - aqt.helper - DEBUG - helper 139733633060864 Attempt to download checksum at https://download.qt.io/online/qtsdkrepository/linux_x64/desktop/qt5_5152/qt.qt5.5152.gcc_64/5.15.2-0-202011130601qtbase-Linux-RHEL_7_6-GCC-Linux-RHEL_7_6-X86_64.7z.sha256
2024-09-16 21:36:33,927 - aqt.helper - DEBUG - helper 140719680712704 Attempt to download checksum at https://download.qt.io/online/qtsdkrepository/linux_x64/desktop/qt5_5152/qt.qt5.5152.gcc_64/5.15.2-0-202011130601qtmultimedia-Linux-RHEL_7_6-GCC-Linux-RHEL_7_6-X86_64.7z.sha256
2024-09-16 21:36:34,105 - aqt.helper - INFO - helper 140600062664704 Downloading qtgraphicaleffects...
2024-09-16 21:36:34,106 - aqt.installer - DEBUG - installer 140600062664704 Download URL: https://download.qt.io/online/qtsdkrepository/linux_x64/desktop/qt5_5152/qt.qt5.5152.gcc_64/5.15.2-0-202011130601qtgraphicaleffects-Linux-RHEL_7_6-GCC-Linux-RHEL_7_6-X86_64.7z
2024-09-16 21:36:34,116 - aqt.helper - INFO - helper 140328755621888 Downloading qtx11extras...
2024-09-16 21:36:34,118 - aqt.helper - INFO - helper 139733633060864 Downloading qtbase...
2024-09-16 21:36:34,117 - aqt.installer - DEBUG - installer 140328755621888 Download URL: https://download.qt.io/online/qtsdkrepository/linux_x64/desktop/qt5_5152/qt.qt5.5152.gcc_64/5.15.2-0-202011130601qtx11extras-Linux-RHEL_7_6-GCC-Linux-RHEL_7_6-X86_64.7z
2024-09-16 21:36:34,119 - aqt.helper - INFO - helper 140719680712704 Downloading qtmultimedia...
2024-09-16 21:36:34,119 - aqt.installer - DEBUG - installer 139733633060864 Download URL: https://download.qt.io/online/qtsdkrepository/linux_x64/desktop/qt5_5152/qt.qt5.5152.gcc_64/5.15.2-0-202011130601qtbase-Linux-RHEL_7_6-GCC-Linux-RHEL_7_6-X86_64.7z
2024-09-16 21:36:34,119 - aqt.installer - DEBUG - installer 140719680712704 Download URL: https://download.qt.io/online/qtsdkrepository/linux_x64/desktop/qt5_5152/qt.qt5.5152.gcc_64/5.15.2-0-202011130601qtmultimedia-Linux-RHEL_7_6-GCC-Linux-RHEL_7_6-X86_64.7z
2024-09-16 21:36:34,299 - aqt.helper - DEBUG - helper 140600062664704 Asked to redirect(302) to: https://ftp.nluug.nl/languages/qt/online/qtsdkrepository/linux_x64/desktop/qt5_5152/qt.qt5.5152.gcc_64/5.15.2-0-202011130601qtgraphicaleffects-Linux-RHEL_7_6-GCC-Linux-RHEL_7_6-X86_64.7z
2024-09-16 21:36:34,300 - aqt.helper - INFO - helper 140600062664704 Redirected: ftp.nluug.nl
2024-09-16 21:36:34,310 - aqt.helper - DEBUG - helper 140328755621888 Asked to redirect(302) to: https://ftp.nluug.nl/languages/qt/online/qtsdkrepository/linux_x64/desktop/qt5_5152/qt.qt5.5152.gcc_64/5.15.2-0-202011130601qtx11extras-Linux-RHEL_7_6-GCC-Linux-RHEL_7_6-X86_64.7z
2024-09-16 21:36:34,310 - aqt.helper - INFO - helper 140328755621888 Redirected: ftp.nluug.nl
2024-09-16 21:36:34,318 - aqt.helper - DEBUG - helper 139733633060864 Asked to redirect(302) to: https://ftp.nluug.nl/languages/qt/online/qtsdkrepository/linux_x64/desktop/qt5_5152/qt.qt5.5152.gcc_64/5.15.2-0-202011130601qtbase-Linux-RHEL_7_6-GCC-Linux-RHEL_7_6-X86_64.7z
2024-09-16 21:36:34,318 - aqt.helper - INFO - helper 139733633060864 Redirected: ftp.nluug.nl
2024-09-16 21:36:34,320 - aqt.helper - DEBUG - helper 140719680712704 Asked to redirect(302) to: https://ftp.nluug.nl/languages/qt/online/qtsdkrepository/linux_x64/desktop/qt5_5152/qt.qt5.5152.gcc_64/5.15.2-0-202011130601qtmultimedia-Linux-RHEL_7_6-GCC-Linux-RHEL_7_6-X86_64.7z
2024-09-16 21:36:34,320 - aqt.helper - INFO - helper 140719680712704 Redirected: ftp.nluug.nl
2024-09-16 21:36:34,618 - aqt.installer - INFO - installer 140328755621888 Finished installation of qtx11extras-Linux-RHEL_7_6-GCC-Linux-RHEL_7_6-X86_64.7z in 0.69299390
2024-09-16 21:36:34,626 - aqt.helper - DEBUG - helper 140328755621888 Attempt to download checksum at https://download.qt.io/online/qtsdkrepository/linux_x64/desktop/qt5_5152/qt.qt5.5152.gcc_64/5.15.2-0-202011130601qtwebchannel-Linux-RHEL_7_6-GCC-Linux-RHEL_7_6-X86_64.7z.sha256
2024-09-16 21:36:34,649 - aqt.installer - INFO - installer 140600062664704 Finished installation of qtgraphicaleffects-Linux-RHEL_7_6-GCC-Linux-RHEL_7_6-X86_64.7z in 0.72409315
2024-09-16 21:36:34,656 - aqt.helper - DEBUG - helper 140600062664704 Attempt to download checksum at https://download.qt.io/online/qtsdkrepository/linux_x64/desktop/qt5_5152/qt.qt5.5152.gcc_64/5.15.2-0-202011130601qtsvg-Linux-RHEL_7_6-GCC-Linux-RHEL_7_6-X86_64.7z.sha256
2024-09-16 21:36:34,821 - aqt.helper - INFO - helper 140328755621888 Downloading qtwebchannel...
2024-09-16 21:36:34,821 - aqt.installer - DEBUG - installer 140328755621888 Download URL: https://download.qt.io/online/qtsdkrepository/linux_x64/desktop/qt5_5152/qt.qt5.5152.gcc_64/5.15.2-0-202011130601qtwebchannel-Linux-RHEL_7_6-GCC-Linux-RHEL_7_6-X86_64.7z
2024-09-16 21:36:34,842 - aqt.helper - INFO - helper 140600062664704 Downloading qtsvg...
2024-09-16 21:36:34,842 - aqt.installer - DEBUG - installer 140600062664704 Download URL: https://download.qt.io/online/qtsdkrepository/linux_x64/desktop/qt5_5152/qt.qt5.5152.gcc_64/5.15.2-0-202011130601qtsvg-Linux-RHEL_7_6-GCC-Linux-RHEL_7_6-X86_64.7z
2024-09-16 21:36:34,991 - aqt.installer - INFO - installer 140719680712704 Finished installation of qtmultimedia-Linux-RHEL_7_6-GCC-Linux-RHEL_7_6-X86_64.7z in 1.06573958
2024-09-16 21:36:34,999 - aqt.helper - DEBUG - helper 140719680712704 Attempt to download checksum at https://download.qt.io/online/qtsdkrepository/linux_x64/desktop/qt5_5152/qt.qt5.5152.gcc_64/5.15.2-0-202011130601qttranslations-Linux-RHEL_7_6-GCC-Linux-RHEL_7_6-X86_64.7z.sha256
2024-09-16 21:36:35,032 - aqt.helper - DEBUG - helper 140328755621888 Asked to redirect(302) to: https://ftp.nluug.nl/languages/qt/online/qtsdkrepository/linux_x64/desktop/qt5_5152/qt.qt5.5152.gcc_64/5.15.2-0-202011130601qtwebchannel-Linux-RHEL_7_6-GCC-Linux-RHEL_7_6-X86_64.7z
2024-09-16 21:36:35,032 - aqt.helper - INFO - helper 140328755621888 Redirected: ftp.nluug.nl
2024-09-16 21:36:35,049 - aqt.helper - DEBUG - helper 140600062664704 Asked to redirect(302) to: https://ftp.nluug.nl/languages/qt/online/qtsdkrepository/linux_x64/desktop/qt5_5152/qt.qt5.5152.gcc_64/5.15.2-0-202011130601qtsvg-Linux-RHEL_7_6-GCC-Linux-RHEL_7_6-X86_64.7z
2024-09-16 21:36:35,050 - aqt.helper - INFO - helper 140600062664704 Redirected: ftp.nluug.nl
2024-09-16 21:36:35,213 - aqt.helper - INFO - helper 140719680712704 Downloading qttranslations...
2024-09-16 21:36:35,213 - aqt.installer - DEBUG - installer 140719680712704 Download URL: https://download.qt.io/online/qtsdkrepository/linux_x64/desktop/qt5_5152/qt.qt5.5152.gcc_64/5.15.2-0-202011130601qttranslations-Linux-RHEL_7_6-GCC-Linux-RHEL_7_6-X86_64.7z
2024-09-16 21:36:35,274 - aqt.installer - INFO - installer 140328755621888 Finished installation of qtwebchannel-Linux-RHEL_7_6-GCC-Linux-RHEL_7_6-X86_64.7z in 0.64805721
2024-09-16 21:36:35,283 - aqt.helper - DEBUG - helper 140328755621888 Attempt to download checksum at https://download.qt.io/online/qtsdkrepository/linux_x64/desktop/qt5_5152/qt.qt5.5152.gcc_64/5.15.2-0-202011130601qtdeclarative-Linux-RHEL_7_6-GCC-Linux-RHEL_7_6-X86_64.7z.sha256
2024-09-16 21:36:35,350 - aqt.installer - INFO - installer 140600062664704 Finished installation of qtsvg-Linux-RHEL_7_6-GCC-Linux-RHEL_7_6-X86_64.7z in 0.69521462
2024-09-16 21:36:35,358 - aqt.helper - DEBUG - helper 140600062664704 Attempt to download checksum at https://download.qt.io/online/qtsdkrepository/linux_x64/desktop/qt5_5152/qt.qt5.5152.gcc_64/5.15.2-0-202011130601qtimageformats-Linux-RHEL_7_6-GCC-Linux-RHEL_7_6-X86_64.7z.sha256
2024-09-16 21:36:35,438 - aqt.helper - DEBUG - helper 140719680712704 Asked to redirect(302) to: https://ftp.nluug.nl/languages/qt/online/qtsdkrepository/linux_x64/desktop/qt5_5152/qt.qt5.5152.gcc_64/5.15.2-0-202011130601qttranslations-Linux-RHEL_7_6-GCC-Linux-RHEL_7_6-X86_64.7z
2024-09-16 21:36:35,438 - aqt.helper - INFO - helper 140719680712704 Redirected: ftp.nluug.nl
2024-09-16 21:36:35,496 - aqt.helper - INFO - helper 140328755621888 Downloading qtdeclarative...
2024-09-16 21:36:35,496 - aqt.installer - DEBUG - installer 140328755621888 Download URL: https://download.qt.io/online/qtsdkrepository/linux_x64/desktop/qt5_5152/qt.qt5.5152.gcc_64/5.15.2-0-202011130601qtdeclarative-Linux-RHEL_7_6-GCC-Linux-RHEL_7_6-X86_64.7z
2024-09-16 21:36:35,568 - aqt.helper - INFO - helper 140600062664704 Downloading qtimageformats...
2024-09-16 21:36:35,568 - aqt.installer - DEBUG - installer 140600062664704 Download URL: https://download.qt.io/online/qtsdkrepository/linux_x64/desktop/qt5_5152/qt.qt5.5152.gcc_64/5.15.2-0-202011130601qtimageformats-Linux-RHEL_7_6-GCC-Linux-RHEL_7_6-X86_64.7z
2024-09-16 21:36:35,714 - aqt.helper - DEBUG - helper 140328755621888 Asked to redirect(302) to: https://ftp.nluug.nl/languages/qt/online/qtsdkrepository/linux_x64/desktop/qt5_5152/qt.qt5.5152.gcc_64/5.15.2-0-202011130601qtdeclarative-Linux-RHEL_7_6-GCC-Linux-RHEL_7_6-X86_64.7z
2024-09-16 21:36:35,714 - aqt.helper - INFO - helper 140328755621888 Redirected: ftp.nluug.nl
2024-09-16 21:36:35,776 - aqt.helper - DEBUG - helper 140600062664704 Asked to redirect(302) to: https://ftp.nluug.nl/languages/qt/online/qtsdkrepository/linux_x64/desktop/qt5_5152/qt.qt5.5152.gcc_64/5.15.2-0-202011130601qtimageformats-Linux-RHEL_7_6-GCC-Linux-RHEL_7_6-X86_64.7z
2024-09-16 21:36:35,776 - aqt.helper - INFO - helper 140600062664704 Redirected: ftp.nluug.nl
2024-09-16 21:36:36,235 - aqt.installer - INFO - installer 140600062664704 Finished installation of qtimageformats-Linux-RHEL_7_6-GCC-Linux-RHEL_7_6-X86_64.7z in 0.87773116
2024-09-16 21:36:36,244 - aqt.helper - DEBUG - helper 140600062664704 Attempt to download checksum at https://download.qt.io/online/qtsdkrepository/linux_x64/desktop/qt5_5152/qt.qt5.5152.gcc_64/5.15.2-0-202011130601qttools-Linux-RHEL_7_6-GCC-Linux-RHEL_7_6-X86_64.7z.sha256
2024-09-16 21:36:36,320 - aqt.installer - INFO - installer 140719680712704 Finished installation of qttranslations-Linux-RHEL_7_6-GCC-Linux-RHEL_7_6-X86_64.7z in 1.32229442
2024-09-16 21:36:36,329 - aqt.helper - DEBUG - helper 140719680712704 Attempt to download checksum at https://download.qt.io/online/qtsdkrepository/linux_x64/desktop/qt5_5152/qt.qt5.5152.gcc_64/5.15.2-0-202011130601qtxmlpatterns-Linux-RHEL_7_6-GCC-Linux-RHEL_7_6-X86_64.7z.sha256
2024-09-16 21:36:36,448 - aqt.helper - INFO - helper 140600062664704 Downloading qttools...
2024-09-16 21:36:36,448 - aqt.installer - DEBUG - installer 140600062664704 Download URL: https://download.qt.io/online/qtsdkrepository/linux_x64/desktop/qt5_5152/qt.qt5.5152.gcc_64/5.15.2-0-202011130601qttools-Linux-RHEL_7_6-GCC-Linux-RHEL_7_6-X86_64.7z
2024-09-16 21:36:36,550 - aqt.helper - INFO - helper 140719680712704 Downloading qtxmlpatterns...
2024-09-16 21:36:36,550 - aqt.installer - DEBUG - installer 140719680712704 Download URL: https://download.qt.io/online/qtsdkrepository/linux_x64/desktop/qt5_5152/qt.qt5.5152.gcc_64/5.15.2-0-202011130601qtxmlpatterns-Linux-RHEL_7_6-GCC-Linux-RHEL_7_6-X86_64.7z
2024-09-16 21:36:36,677 - aqt.helper - DEBUG - helper 140600062664704 Asked to redirect(302) to: https://ftp.nluug.nl/languages/qt/online/qtsdkrepository/linux_x64/desktop/qt5_5152/qt.qt5.5152.gcc_64/5.15.2-0-202011130601qttools-Linux-RHEL_7_6-GCC-Linux-RHEL_7_6-X86_64.7z
2024-09-16 21:36:36,677 - aqt.helper - INFO - helper 140600062664704 Redirected: ftp.nluug.nl
2024-09-16 21:36:36,767 - aqt.helper - DEBUG - helper 140719680712704 Asked to redirect(302) to: https://ftp.nluug.nl/languages/qt/online/qtsdkrepository/linux_x64/desktop/qt5_5152/qt.qt5.5152.gcc_64/5.15.2-0-202011130601qtxmlpatterns-Linux-RHEL_7_6-GCC-Linux-RHEL_7_6-X86_64.7z
2024-09-16 21:36:36,767 - aqt.helper - INFO - helper 140719680712704 Redirected: ftp.nluug.nl
2024-09-16 21:36:37,841 - aqt.installer - INFO - installer 140719680712704 Finished installation of qtxmlpatterns-Linux-RHEL_7_6-GCC-Linux-RHEL_7_6-X86_64.7z in 1.51299750
2024-09-16 21:36:37,848 - aqt.helper - DEBUG - helper 140719680712704 Attempt to download checksum at https://download.qt.io/online/qtsdkrepository/linux_x64/desktop/qt5_5152/qt.qt5.5152.gcc_64/5.15.2-0-202011130601qtsensors-Linux-RHEL_7_6-GCC-Linux-RHEL_7_6-X86_64.7z.sha256
2024-09-16 21:36:38,064 - aqt.helper - INFO - helper 140719680712704 Downloading qtsensors...
2024-09-16 21:36:38,064 - aqt.installer - DEBUG - installer 140719680712704 Download URL: https://download.qt.io/online/qtsdkrepository/linux_x64/desktop/qt5_5152/qt.qt5.5152.gcc_64/5.15.2-0-202011130601qtsensors-Linux-RHEL_7_6-GCC-Linux-RHEL_7_6-X86_64.7z
2024-09-16 21:36:38,267 - aqt.helper - DEBUG - helper 140719680712704 Asked to redirect(302) to: https://ftp.nluug.nl/languages/qt/online/qtsdkrepository/linux_x64/desktop/qt5_5152/qt.qt5.5152.gcc_64/5.15.2-0-202011130601qtsensors-Linux-RHEL_7_6-GCC-Linux-RHEL_7_6-X86_64.7z
2024-09-16 21:36:38,267 - aqt.helper - INFO - helper 140719680712704 Redirected: ftp.nluug.nl
2024-09-16 21:36:38,613 - aqt.installer - INFO - installer 140719680712704 Finished installation of qtsensors-Linux-RHEL_7_6-GCC-Linux-RHEL_7_6-X86_64.7z in 0.76544446
2024-09-16 21:36:38,624 - aqt.helper - DEBUG - helper 140719680712704 Attempt to download checksum at https://download.qt.io/online/qtsdkrepository/linux_x64/desktop/qt5_5152/qt.qt5.5152.gcc_64/5.15.2-0-202011130601qtserialport-Linux-RHEL_7_6-GCC-Linux-RHEL_7_6-X86_64.7z.sha256
2024-09-16 21:36:38,831 - aqt.helper - INFO - helper 140719680712704 Downloading qtserialport...
2024-09-16 21:36:38,831 - aqt.installer - DEBUG - installer 140719680712704 Download URL: https://download.qt.io/online/qtsdkrepository/linux_x64/desktop/qt5_5152/qt.qt5.5152.gcc_64/5.15.2-0-202011130601qtserialport-Linux-RHEL_7_6-GCC-Linux-RHEL_7_6-X86_64.7z
2024-09-16 21:36:39,068 - aqt.helper - DEBUG - helper 140719680712704 Asked to redirect(302) to: https://ftp.nluug.nl/languages/qt/online/qtsdkrepository/linux_x64/desktop/qt5_5152/qt.qt5.5152.gcc_64/5.15.2-0-202011130601qtserialport-Linux-RHEL_7_6-GCC-Linux-RHEL_7_6-X86_64.7z
2024-09-16 21:36:39,068 - aqt.helper - INFO - helper 140719680712704 Redirected: ftp.nluug.nl
2024-09-16 21:36:39,302 - aqt.installer - INFO - installer 140719680712704 Finished installation of qtserialport-Linux-RHEL_7_6-GCC-Linux-RHEL_7_6-X86_64.7z in 0.67834427
2024-09-16 21:36:39,307 - aqt.helper - DEBUG - helper 140719680712704 Attempt to download checksum at https://download.qt.io/online/qtsdkrepository/linux_x64/desktop/qt5_5152/qt.qt5.5152.gcc_64/5.15.2-0-202011130601qtlocation-Linux-RHEL_7_6-GCC-Linux-RHEL_7_6-X86_64.7z.sha256
2024-09-16 21:36:39,503 - aqt.helper - INFO - helper 140719680712704 Downloading qtlocation...
2024-09-16 21:36:39,503 - aqt.installer - DEBUG - installer 140719680712704 Download URL: https://download.qt.io/online/qtsdkrepository/linux_x64/desktop/qt5_5152/qt.qt5.5152.gcc_64/5.15.2-0-202011130601qtlocation-Linux-RHEL_7_6-GCC-Linux-RHEL_7_6-X86_64.7z
2024-09-16 21:36:39,729 - aqt.helper - DEBUG - helper 140719680712704 Asked to redirect(302) to: https://ftp.nluug.nl/languages/qt/online/qtsdkrepository/linux_x64/desktop/qt5_5152/qt.qt5.5152.gcc_64/5.15.2-0-202011130601qtlocation-Linux-RHEL_7_6-GCC-Linux-RHEL_7_6-X86_64.7z
2024-09-16 21:36:39,729 - aqt.helper - INFO - helper 140719680712704 Redirected: ftp.nluug.nl
2024-09-16 21:36:40,920 - aqt.installer - INFO - installer 140328755621888 Finished installation of qtdeclarative-Linux-RHEL_7_6-GCC-Linux-RHEL_7_6-X86_64.7z in 5.63816650
2024-09-16 21:36:40,927 - aqt.helper - DEBUG - helper 140328755621888 Attempt to download checksum at https://download.qt.io/online/qtsdkrepository/linux_x64/desktop/qt5_5152/qt.qt5.5152.gcc_64/5.15.2-0-202011130601qtwebsockets-Linux-RHEL_7_6-GCC-Linux-RHEL_7_6-X86_64.7z.sha256
2024-09-16 21:36:41,156 - aqt.helper - INFO - helper 140328755621888 Downloading qtwebsockets...
2024-09-16 21:36:41,156 - aqt.installer - DEBUG - installer 140328755621888 Download URL: https://download.qt.io/online/qtsdkrepository/linux_x64/desktop/qt5_5152/qt.qt5.5152.gcc_64/5.15.2-0-202011130601qtwebsockets-Linux-RHEL_7_6-GCC-Linux-RHEL_7_6-X86_64.7z
2024-09-16 21:36:41,373 - aqt.helper - DEBUG - helper 140328755621888 Asked to redirect(302) to: https://ftp.nluug.nl/languages/qt/online/qtsdkrepository/linux_x64/desktop/qt5_5152/qt.qt5.5152.gcc_64/5.15.2-0-202011130601qtwebsockets-Linux-RHEL_7_6-GCC-Linux-RHEL_7_6-X86_64.7z
2024-09-16 21:36:41,373 - aqt.helper - INFO - helper 140328755621888 Redirected: ftp.nluug.nl
2024-09-16 21:36:41,607 - aqt.installer - INFO - installer 140328755621888 Finished installation of qtwebsockets-Linux-RHEL_7_6-GCC-Linux-RHEL_7_6-X86_64.7z in 0.68097674
2024-09-16 21:36:41,618 - aqt.helper - DEBUG - helper 140328755621888 Attempt to download checksum at https://download.qt.io/online/qtsdkrepository/linux_x64/desktop/qt5_5152/qt.qt5.5152.gcc_64/5.15.2-0-202011130601qtquickcontrols-Linux-RHEL_7_6-GCC-Linux-RHEL_7_6-X86_64.7z.sha256
2024-09-16 21:36:41,802 - aqt.installer - INFO - installer 140719680712704 Finished installation of qtlocation-Linux-RHEL_7_6-GCC-Linux-RHEL_7_6-X86_64.7z in 2.49589449
2024-09-16 21:36:41,812 - aqt.helper - DEBUG - helper 140719680712704 Attempt to download checksum at https://download.qt.io/online/qtsdkrepository/linux_x64/desktop/qt5_5152/qt.qt5.5152.gcc_64/5.15.2-0-202011130601qt3d-Linux-RHEL_7_6-GCC-Linux-RHEL_7_6-X86_64.7z.sha256
2024-09-16 21:36:41,828 - aqt.helper - INFO - helper 140328755621888 Downloading qtquickcontrols...
2024-09-16 21:36:41,828 - aqt.installer - DEBUG - installer 140328755621888 Download URL: https://download.qt.io/online/qtsdkrepository/linux_x64/desktop/qt5_5152/qt.qt5.5152.gcc_64/5.15.2-0-202011130601qtquickcontrols-Linux-RHEL_7_6-GCC-Linux-RHEL_7_6-X86_64.7z
2024-09-16 21:36:42,016 - aqt.helper - INFO - helper 140719680712704 Downloading qt3d...
2024-09-16 21:36:42,016 - aqt.installer - DEBUG - installer 140719680712704 Download URL: https://download.qt.io/online/qtsdkrepository/linux_x64/desktop/qt5_5152/qt.qt5.5152.gcc_64/5.15.2-0-202011130601qt3d-Linux-RHEL_7_6-GCC-Linux-RHEL_7_6-X86_64.7z
2024-09-16 21:36:42,064 - aqt.helper - DEBUG - helper 140328755621888 Asked to redirect(302) to: https://ftp.nluug.nl/languages/qt/online/qtsdkrepository/linux_x64/desktop/qt5_5152/qt.qt5.5152.gcc_64/5.15.2-0-202011130601qtquickcontrols-Linux-RHEL_7_6-GCC-Linux-RHEL_7_6-X86_64.7z
2024-09-16 21:36:42,064 - aqt.helper - INFO - helper 140328755621888 Redirected: ftp.nluug.nl
2024-09-16 21:36:42,231 - aqt.helper - DEBUG - helper 140719680712704 Asked to redirect(302) to: https://ftp.nluug.nl/languages/qt/online/qtsdkrepository/linux_x64/desktop/qt5_5152/qt.qt5.5152.gcc_64/5.15.2-0-202011130601qt3d-Linux-RHEL_7_6-GCC-Linux-RHEL_7_6-X86_64.7z
2024-09-16 21:36:42,232 - aqt.helper - INFO - helper 140719680712704 Redirected: ftp.nluug.nl
2024-09-16 21:36:43,204 - aqt.installer - INFO - installer 140328755621888 Finished installation of qtquickcontrols-Linux-RHEL_7_6-GCC-Linux-RHEL_7_6-X86_64.7z in 1.58656877
2024-09-16 21:36:43,215 - aqt.helper - DEBUG - helper 140328755621888 Attempt to download checksum at https://download.qt.io/online/qtsdkrepository/linux_x64/desktop/qt5_5152/qt.qt5.5152.gcc_64/5.15.2-0-202011130601qtquickcontrols2-Linux-RHEL_7_6-GCC-Linux-RHEL_7_6-X86_64.7z.sha256
2024-09-16 21:36:43,461 - aqt.helper - INFO - helper 140328755621888 Downloading qtquickcontrols2...
2024-09-16 21:36:43,461 - aqt.installer - DEBUG - installer 140328755621888 Download URL: https://download.qt.io/online/qtsdkrepository/linux_x64/desktop/qt5_5152/qt.qt5.5152.gcc_64/5.15.2-0-202011130601qtquickcontrols2-Linux-RHEL_7_6-GCC-Linux-RHEL_7_6-X86_64.7z
2024-09-16 21:36:43,668 - aqt.helper - DEBUG - helper 140328755621888 Asked to redirect(302) to: https://ftp.nluug.nl/languages/qt/online/qtsdkrepository/linux_x64/desktop/qt5_5152/qt.qt5.5152.gcc_64/5.15.2-0-202011130601qtquickcontrols2-Linux-RHEL_7_6-GCC-Linux-RHEL_7_6-X86_64.7z
2024-09-16 21:36:43,668 - aqt.helper - INFO - helper 140328755621888 Redirected: ftp.nluug.nl
2024-09-16 21:36:44,794 - aqt.installer - INFO - installer 140328755621888 Finished installation of qtquickcontrols2-Linux-RHEL_7_6-GCC-Linux-RHEL_7_6-X86_64.7z in 1.57995385
2024-09-16 21:36:44,806 - aqt.helper - DEBUG - helper 140328755621888 Attempt to download checksum at https://download.qt.io/online/qtsdkrepository/linux_x64/desktop/qt5_5152/qt.qt5.5152.gcc_64/5.15.2-0-202011130601qtserialbus-Linux-RHEL_7_6-GCC-Linux-RHEL_7_6-X86_64.7z.sha256
2024-09-16 21:36:44,988 - aqt.helper - INFO - helper 140328755621888 Downloading qtserialbus...
2024-09-16 21:36:44,988 - aqt.installer - DEBUG - installer 140328755621888 Download URL: https://download.qt.io/online/qtsdkrepository/linux_x64/desktop/qt5_5152/qt.qt5.5152.gcc_64/5.15.2-0-202011130601qtserialbus-Linux-RHEL_7_6-GCC-Linux-RHEL_7_6-X86_64.7z
2024-09-16 21:36:45,194 - aqt.helper - DEBUG - helper 140328755621888 Asked to redirect(302) to: https://ftp.nluug.nl/languages/qt/online/qtsdkrepository/linux_x64/desktop/qt5_5152/qt.qt5.5152.gcc_64/5.15.2-0-202011130601qtserialbus-Linux-RHEL_7_6-GCC-Linux-RHEL_7_6-X86_64.7z
2024-09-16 21:36:45,194 - aqt.helper - INFO - helper 140328755621888 Redirected: ftp.nluug.nl
2024-09-16 21:36:45,541 - aqt.installer - INFO - installer 140328755621888 Finished installation of qtserialbus-Linux-RHEL_7_6-GCC-Linux-RHEL_7_6-X86_64.7z in 0.73569535
2024-09-16 21:36:45,550 - aqt.helper - DEBUG - helper 140328755621888 Attempt to download checksum at https://download.qt.io/online/qtsdkrepository/linux_x64/desktop/qt5_5152/qt.qt5.5152.gcc_64/5.15.2-0-202011130601qtscxml-Linux-RHEL_7_6-GCC-Linux-RHEL_7_6-X86_64.7z.sha256
2024-09-16 21:36:45,709 - aqt.installer - INFO - installer 140719680712704 Finished installation of qt3d-Linux-RHEL_7_6-GCC-Linux-RHEL_7_6-X86_64.7z in 3.89738302
2024-09-16 21:36:45,720 - aqt.helper - DEBUG - helper 140719680712704 Attempt to download checksum at https://download.qt.io/online/qtsdkrepository/linux_x64/desktop/qt5_5152/qt.qt5.5152.gcc_64/5.15.2-0-202011130601qtwebview-Linux-RHEL_7_6-GCC-Linux-RHEL_7_6-X86_64.7z.sha256
2024-09-16 21:36:45,751 - aqt.helper - INFO - helper 140328755621888 Downloading qtscxml...
2024-09-16 21:36:45,751 - aqt.installer - DEBUG - installer 140328755621888 Download URL: https://download.qt.io/online/qtsdkrepository/linux_x64/desktop/qt5_5152/qt.qt5.5152.gcc_64/5.15.2-0-202011130601qtscxml-Linux-RHEL_7_6-GCC-Linux-RHEL_7_6-X86_64.7z
2024-09-16 21:36:45,926 - aqt.helper - INFO - helper 140719680712704 Downloading qtwebview...
2024-09-16 21:36:45,926 - aqt.installer - DEBUG - installer 140719680712704 Download URL: https://download.qt.io/online/qtsdkrepository/linux_x64/desktop/qt5_5152/qt.qt5.5152.gcc_64/5.15.2-0-202011130601qtwebview-Linux-RHEL_7_6-GCC-Linux-RHEL_7_6-X86_64.7z
2024-09-16 21:36:45,948 - aqt.helper - DEBUG - helper 140328755621888 Asked to redirect(302) to: https://ftp.nluug.nl/languages/qt/online/qtsdkrepository/linux_x64/desktop/qt5_5152/qt.qt5.5152.gcc_64/5.15.2-0-202011130601qtscxml-Linux-RHEL_7_6-GCC-Linux-RHEL_7_6-X86_64.7z
2024-09-16 21:36:45,948 - aqt.helper - INFO - helper 140328755621888 Redirected: ftp.nluug.nl
2024-09-16 21:36:46,141 - aqt.helper - DEBUG - helper 140719680712704 Asked to redirect(302) to: https://ftp.nluug.nl/languages/qt/online/qtsdkrepository/linux_x64/desktop/qt5_5152/qt.qt5.5152.gcc_64/5.15.2-0-202011130601qtwebview-Linux-RHEL_7_6-GCC-Linux-RHEL_7_6-X86_64.7z
2024-09-16 21:36:46,141 - aqt.helper - INFO - helper 140719680712704 Redirected: ftp.nluug.nl
2024-09-16 21:36:46,176 - aqt.installer - INFO - installer 140600062664704 Finished installation of qttools-Linux-RHEL_7_6-GCC-Linux-RHEL_7_6-X86_64.7z in 9.93322660
2024-09-16 21:36:46,186 - aqt.helper - DEBUG - helper 140600062664704 Attempt to download checksum at https://download.qt.io/online/qtsdkrepository/linux_x64/desktop/qt5_5152/qt.qt5.5152.gcc_64/5.15.2-0-202011130601qtgamepad-Linux-RHEL_7_6-GCC-Linux-RHEL_7_6-X86_64.7z.sha256
2024-09-16 21:36:46,241 - aqt.installer - INFO - installer 140328755621888 Finished installation of qtscxml-Linux-RHEL_7_6-GCC-Linux-RHEL_7_6-X86_64.7z in 0.69201010
2024-09-16 21:36:46,331 - aqt.installer - INFO - installer 140719680712704 Finished installation of qtwebview-Linux-RHEL_7_6-GCC-Linux-RHEL_7_6-X86_64.7z in 0.61198784
2024-09-16 21:36:46,376 - aqt.helper - INFO - helper 140600062664704 Downloading qtgamepad...
2024-09-16 21:36:46,376 - aqt.installer - DEBUG - installer 140600062664704 Download URL: https://download.qt.io/online/qtsdkrepository/linux_x64/desktop/qt5_5152/qt.qt5.5152.gcc_64/5.15.2-0-202011130601qtgamepad-Linux-RHEL_7_6-GCC-Linux-RHEL_7_6-X86_64.7z
2024-09-16 21:36:46,410 - aqt.helper - DEBUG - helper 139757471010816 Attempt to download checksum at https://download.qt.io/online/qtsdkrepository/linux_x64/desktop/qt5_5152/qt.qt5.5152.gcc_64/5.15.2-0-202011130601qtwayland-Linux-RHEL_7_6-GCC-Linux-RHEL_7_6-X86_64.7z.sha256
2024-09-16 21:36:46,494 - aqt.helper - DEBUG - helper 140451298459648 Attempt to download checksum at https://download.qt.io/online/qtsdkrepository/linux_x64/desktop/qt5_5152/qt.qt5.5152.gcc_64/5.15.2-0-202011130601icu-linux-Rhel7.2-x64.7z.sha256
2024-09-16 21:36:46,569 - aqt.helper - DEBUG - helper 140600062664704 Asked to redirect(302) to: https://ftp.nluug.nl/languages/qt/online/qtsdkrepository/linux_x64/desktop/qt5_5152/qt.qt5.5152.gcc_64/5.15.2-0-202011130601qtgamepad-Linux-RHEL_7_6-GCC-Linux-RHEL_7_6-X86_64.7z
2024-09-16 21:36:46,569 - aqt.helper - INFO - helper 140600062664704 Redirected: ftp.nluug.nl
2024-09-16 21:36:46,602 - aqt.helper - INFO - helper 139757471010816 Downloading qtwayland...
2024-09-16 21:36:46,603 - aqt.installer - DEBUG - installer 139757471010816 Download URL: https://download.qt.io/online/qtsdkrepository/linux_x64/desktop/qt5_5152/qt.qt5.5152.gcc_64/5.15.2-0-202011130601qtwayland-Linux-RHEL_7_6-GCC-Linux-RHEL_7_6-X86_64.7z
2024-09-16 21:36:46,694 - aqt.helper - INFO - helper 140451298459648 Downloading icu...
2024-09-16 21:36:46,694 - aqt.installer - DEBUG - installer 140451298459648 Download URL: https://download.qt.io/online/qtsdkrepository/linux_x64/desktop/qt5_5152/qt.qt5.5152.gcc_64/5.15.2-0-202011130601icu-linux-Rhel7.2-x64.7z
2024-09-16 21:36:46,788 - aqt.installer - INFO - installer 140600062664704 Finished installation of qtgamepad-Linux-RHEL_7_6-GCC-Linux-RHEL_7_6-X86_64.7z in 0.60318750
2024-09-16 21:36:46,795 - aqt.helper - DEBUG - helper 140600062664704 Attempt to download checksum at https://download.qt.io/online/qtsdkrepository/linux_x64/desktop/qt5_5152/qt.qt5.5152.gcc_64/5.15.2-0-202011130601qtspeech-Linux-RHEL_7_6-GCC-Linux-RHEL_7_6-X86_64.7z.sha256
2024-09-16 21:36:46,808 - aqt.helper - DEBUG - helper 139757471010816 Asked to redirect(302) to: https://ftp.nluug.nl/languages/qt/online/qtsdkrepository/linux_x64/desktop/qt5_5152/qt.qt5.5152.gcc_64/5.15.2-0-202011130601qtwayland-Linux-RHEL_7_6-GCC-Linux-RHEL_7_6-X86_64.7z
2024-09-16 21:36:46,808 - aqt.helper - INFO - helper 139757471010816 Redirected: ftp.nluug.nl
2024-09-16 21:36:46,894 - aqt.helper - DEBUG - helper 140451298459648 Asked to redirect(302) to: https://ftp.nluug.nl/languages/qt/online/qtsdkrepository/linux_x64/desktop/qt5_5152/qt.qt5.5152.gcc_64/5.15.2-0-202011130601icu-linux-Rhel7.2-x64.7z
2024-09-16 21:36:46,894 - aqt.helper - INFO - helper 140451298459648 Redirected: ftp.nluug.nl
2024-09-16 21:36:46,985 - aqt.helper - INFO - helper 140600062664704 Downloading qtspeech...
2024-09-16 21:36:46,986 - aqt.installer - DEBUG - installer 140600062664704 Download URL: https://download.qt.io/online/qtsdkrepository/linux_x64/desktop/qt5_5152/qt.qt5.5152.gcc_64/5.15.2-0-202011130601qtspeech-Linux-RHEL_7_6-GCC-Linux-RHEL_7_6-X86_64.7z
2024-09-16 21:36:47,197 - aqt.helper - DEBUG - helper 140600062664704 Asked to redirect(302) to: https://ftp.nluug.nl/languages/qt/online/qtsdkrepository/linux_x64/desktop/qt5_5152/qt.qt5.5152.gcc_64/5.15.2-0-202011130601qtspeech-Linux-RHEL_7_6-GCC-Linux-RHEL_7_6-X86_64.7z
2024-09-16 21:36:47,197 - aqt.helper - INFO - helper 140600062664704 Redirected: ftp.nluug.nl
2024-09-16 21:36:47,380 - aqt.installer - INFO - installer 139757471010816 Finished installation of qtwayland-Linux-RHEL_7_6-GCC-Linux-RHEL_7_6-X86_64.7z in 0.97146220
2024-09-16 21:36:47,390 - aqt.helper - DEBUG - helper 139757471010816 Attempt to download checksum at https://download.qt.io/online/qtsdkrepository/linux_x64/desktop/qt5_5152/qt.qt5.5152.gcc_64/5.15.2-0-202011130601qtremoteobjects-Linux-RHEL_7_6-GCC-Linux-RHEL_7_6-X86_64.7z.sha256
2024-09-16 21:36:47,393 - aqt.installer - INFO - installer 140600062664704 Finished installation of qtspeech-Linux-RHEL_7_6-GCC-Linux-RHEL_7_6-X86_64.7z in 0.59928302
2024-09-16 21:36:47,607 - aqt.helper - INFO - helper 139757471010816 Downloading qtremoteobjects...
2024-09-16 21:36:47,607 - aqt.installer - DEBUG - installer 139757471010816 Download URL: https://download.qt.io/online/qtsdkrepository/linux_x64/desktop/qt5_5152/qt.qt5.5152.gcc_64/5.15.2-0-202011130601qtremoteobjects-Linux-RHEL_7_6-GCC-Linux-RHEL_7_6-X86_64.7z
2024-09-16 21:36:47,829 - aqt.helper - DEBUG - helper 139757471010816 Asked to redirect(302) to: https://ftp.nluug.nl/languages/qt/online/qtsdkrepository/linux_x64/desktop/qt5_5152/qt.qt5.5152.gcc_64/5.15.2-0-202011130601qtremoteobjects-Linux-RHEL_7_6-GCC-Linux-RHEL_7_6-X86_64.7z
2024-09-16 21:36:47,829 - aqt.helper - INFO - helper 139757471010816 Redirected: ftp.nluug.nl
2024-09-16 21:36:48,297 - aqt.installer - INFO - installer 139757471010816 Finished installation of qtremoteobjects-Linux-RHEL_7_6-GCC-Linux-RHEL_7_6-X86_64.7z in 0.90770034
2024-09-16 21:36:49,376 - aqt.installer - INFO - installer 140451298459648 Finished installation of icu-linux-Rhel7.2-x64.7z in 2.88330169
2024-09-16 21:36:51,760 - aqt.installer - INFO - installer 139733633060864 Finished installation of qtbase-Linux-RHEL_7_6-GCC-Linux-RHEL_7_6-X86_64.7z in 17.83482253
2024-09-16 21:36:51,770 - aqt.helper - DEBUG - helper 139733633060864 Attempt to download checksum at https://download.qt.io/online/qtsdkrepository/linux_x64/desktop/qt5_5152/qt.qt5.5152.gcc_64/5.15.2-0-202011130601qtconnectivity-Linux-RHEL_7_6-GCC-Linux-RHEL_7_6-X86_64.7z.sha256
2024-09-16 21:36:51,963 - aqt.helper - INFO - helper 139733633060864 Downloading qtconnectivity...
2024-09-16 21:36:51,963 - aqt.installer - DEBUG - installer 139733633060864 Download URL: https://download.qt.io/online/qtsdkrepository/linux_x64/desktop/qt5_5152/qt.qt5.5152.gcc_64/5.15.2-0-202011130601qtconnectivity-Linux-RHEL_7_6-GCC-Linux-RHEL_7_6-X86_64.7z
2024-09-16 21:36:52,142 - aqt.helper - DEBUG - helper 139733633060864 Asked to redirect(302) to: https://ftp.nluug.nl/languages/qt/online/qtsdkrepository/linux_x64/desktop/qt5_5152/qt.qt5.5152.gcc_64/5.15.2-0-202011130601qtconnectivity-Linux-RHEL_7_6-GCC-Linux-RHEL_7_6-X86_64.7z
2024-09-16 21:36:52,142 - aqt.helper - INFO - helper 139733633060864 Redirected: ftp.nluug.nl
2024-09-16 21:37:07,578 - aqt.installer - INFO - installer 139733633060864 Finished installation of qtconnectivity-Linux-RHEL_7_6-GCC-Linux-RHEL_7_6-X86_64.7z in 15.80890823
2024-09-16 21:37:07,647 - aqt.updater - INFO - updater 140335970627584 Patching /home/sander/dev/shoopdaloop_rust_refactor/5.15.2/gcc_64/bin/qmake
2024-09-16 21:37:07,677 - aqt.updater - INFO - updater 140335970627584 Patching /home/sander/dev/shoopdaloop_rust_refactor/5.15.2/gcc_64/lib/pkgconfig/Qt53DLogic.pc
2024-09-16 21:37:07,677 - aqt.updater - INFO - updater 140335970627584 Patching /home/sander/dev/shoopdaloop_rust_refactor/5.15.2/gcc_64/lib/pkgconfig/Qt5SerialPort.pc
2024-09-16 21:37:07,677 - aqt.updater - INFO - updater 140335970627584 Patching /home/sander/dev/shoopdaloop_rust_refactor/5.15.2/gcc_64/lib/pkgconfig/Qt5Svg.pc
2024-09-16 21:37:07,677 - aqt.updater - INFO - updater 140335970627584 Patching /home/sander/dev/shoopdaloop_rust_refactor/5.15.2/gcc_64/lib/pkgconfig/Qt5Gui.pc
2024-09-16 21:37:07,677 - aqt.updater - INFO - updater 140335970627584 Patching /home/sander/dev/shoopdaloop_rust_refactor/5.15.2/gcc_64/lib/pkgconfig/Qt5Multimedia.pc
2024-09-16 21:37:07,677 - aqt.updater - INFO - updater 140335970627584 Patching /home/sander/dev/shoopdaloop_rust_refactor/5.15.2/gcc_64/lib/pkgconfig/Qt53DQuickInput.pc
2024-09-16 21:37:07,677 - aqt.updater - INFO - updater 140335970627584 Patching /home/sander/dev/shoopdaloop_rust_refactor/5.15.2/gcc_64/lib/pkgconfig/Qt53DCore.pc
2024-09-16 21:37:07,678 - aqt.updater - INFO - updater 140335970627584 Patching /home/sander/dev/shoopdaloop_rust_refactor/5.15.2/gcc_64/lib/pkgconfig/Qt5WebSockets.pc
2024-09-16 21:37:07,678 - aqt.updater - INFO - updater 140335970627584 Patching /home/sander/dev/shoopdaloop_rust_refactor/5.15.2/gcc_64/lib/pkgconfig/Qt5Widgets.pc
2024-09-16 21:37:07,678 - aqt.updater - INFO - updater 140335970627584 Patching /home/sander/dev/shoopdaloop_rust_refactor/5.15.2/gcc_64/lib/pkgconfig/Qt5Sql.pc
2024-09-16 21:37:07,678 - aqt.updater - INFO - updater 140335970627584 Patching /home/sander/dev/shoopdaloop_rust_refactor/5.15.2/gcc_64/lib/pkgconfig/Qt5SerialBus.pc
2024-09-16 21:37:07,678 - aqt.updater - INFO - updater 140335970627584 Patching /home/sander/dev/shoopdaloop_rust_refactor/5.15.2/gcc_64/lib/pkgconfig/Qt5Quick.pc
2024-09-16 21:37:07,678 - aqt.updater - INFO - updater 140335970627584 Patching /home/sander/dev/shoopdaloop_rust_refactor/5.15.2/gcc_64/lib/pkgconfig/Qt5TextToSpeech.pc
2024-09-16 21:37:07,678 - aqt.updater - INFO - updater 140335970627584 Patching /home/sander/dev/shoopdaloop_rust_refactor/5.15.2/gcc_64/lib/pkgconfig/Qt5Gamepad.pc
2024-09-16 21:37:07,678 - aqt.updater - INFO - updater 140335970627584 Patching /home/sander/dev/shoopdaloop_rust_refactor/5.15.2/gcc_64/lib/pkgconfig/Qt53DExtras.pc
2024-09-16 21:37:07,678 - aqt.updater - INFO - updater 140335970627584 Patching /home/sander/dev/shoopdaloop_rust_refactor/5.15.2/gcc_64/lib/pkgconfig/Qt5Qml.pc
2024-09-16 21:37:07,678 - aqt.updater - INFO - updater 140335970627584 Patching /home/sander/dev/shoopdaloop_rust_refactor/5.15.2/gcc_64/lib/pkgconfig/Qt5Help.pc
2024-09-16 21:37:07,678 - aqt.updater - INFO - updater 140335970627584 Patching /home/sander/dev/shoopdaloop_rust_refactor/5.15.2/gcc_64/lib/pkgconfig/Qt5QmlModels.pc
2024-09-16 21:37:07,678 - aqt.updater - INFO - updater 140335970627584 Patching /home/sander/dev/shoopdaloop_rust_refactor/5.15.2/gcc_64/lib/pkgconfig/Qt53DAnimation.pc
2024-09-16 21:37:07,678 - aqt.updater - INFO - updater 140335970627584 Patching /home/sander/dev/shoopdaloop_rust_refactor/5.15.2/gcc_64/lib/pkgconfig/Qt5Xml.pc
2024-09-16 21:37:07,678 - aqt.updater - INFO - updater 140335970627584 Patching /home/sander/dev/shoopdaloop_rust_refactor/5.15.2/gcc_64/lib/pkgconfig/Qt5Core.pc
2024-09-16 21:37:07,679 - aqt.updater - INFO - updater 140335970627584 Patching /home/sander/dev/shoopdaloop_rust_refactor/5.15.2/gcc_64/lib/pkgconfig/Qt53DQuickExtras.pc
2024-09-16 21:37:07,679 - aqt.updater - INFO - updater 140335970627584 Patching /home/sander/dev/shoopdaloop_rust_refactor/5.15.2/gcc_64/lib/pkgconfig/Qt5WebView.pc
2024-09-16 21:37:07,679 - aqt.updater - INFO - updater 140335970627584 Patching /home/sander/dev/shoopdaloop_rust_refactor/5.15.2/gcc_64/lib/pkgconfig/Qt5Designer.pc
2024-09-16 21:37:07,679 - aqt.updater - INFO - updater 140335970627584 Patching /home/sander/dev/shoopdaloop_rust_refactor/5.15.2/gcc_64/lib/pkgconfig/Qt5Sensors.pc
2024-09-16 21:37:07,679 - aqt.updater - INFO - updater 140335970627584 Patching /home/sander/dev/shoopdaloop_rust_refactor/5.15.2/gcc_64/lib/pkgconfig/Qt53DQuick.pc
2024-09-16 21:37:07,679 - aqt.updater - INFO - updater 140335970627584 Patching /home/sander/dev/shoopdaloop_rust_refactor/5.15.2/gcc_64/lib/pkgconfig/Qt5Test.pc
2024-09-16 21:37:07,679 - aqt.updater - INFO - updater 140335970627584 Patching /home/sander/dev/shoopdaloop_rust_refactor/5.15.2/gcc_64/lib/pkgconfig/Qt5WebChannel.pc
2024-09-16 21:37:07,679 - aqt.updater - INFO - updater 140335970627584 Patching /home/sander/dev/shoopdaloop_rust_refactor/5.15.2/gcc_64/lib/pkgconfig/Qt5OpenGL.pc
2024-09-16 21:37:07,679 - aqt.updater - INFO - updater 140335970627584 Patching /home/sander/dev/shoopdaloop_rust_refactor/5.15.2/gcc_64/lib/pkgconfig/Qt5DBus.pc
2024-09-16 21:37:07,679 - aqt.updater - INFO - updater 140335970627584 Patching /home/sander/dev/shoopdaloop_rust_refactor/5.15.2/gcc_64/lib/pkgconfig/Qt5UiTools.pc
2024-09-16 21:37:07,679 - aqt.updater - INFO - updater 140335970627584 Patching /home/sander/dev/shoopdaloop_rust_refactor/5.15.2/gcc_64/lib/pkgconfig/Qt53DRender.pc
2024-09-16 21:37:07,679 - aqt.updater - INFO - updater 140335970627584 Patching /home/sander/dev/shoopdaloop_rust_refactor/5.15.2/gcc_64/lib/pkgconfig/Qt5RepParser.pc
2024-09-16 21:37:07,679 - aqt.updater - INFO - updater 140335970627584 Patching /home/sander/dev/shoopdaloop_rust_refactor/5.15.2/gcc_64/lib/pkgconfig/Qt5WaylandClient.pc
2024-09-16 21:37:07,679 - aqt.updater - INFO - updater 140335970627584 Patching /home/sander/dev/shoopdaloop_rust_refactor/5.15.2/gcc_64/lib/pkgconfig/Qt53DQuickRender.pc
2024-09-16 21:37:07,680 - aqt.updater - INFO - updater 140335970627584 Patching /home/sander/dev/shoopdaloop_rust_refactor/5.15.2/gcc_64/lib/pkgconfig/Qt53DQuickScene2D.pc
2024-09-16 21:37:07,680 - aqt.updater - INFO - updater 140335970627584 Patching /home/sander/dev/shoopdaloop_rust_refactor/5.15.2/gcc_64/lib/pkgconfig/Qt5Scxml.pc
2024-09-16 21:37:07,680 - aqt.updater - INFO - updater 140335970627584 Patching /home/sander/dev/shoopdaloop_rust_refactor/5.15.2/gcc_64/lib/pkgconfig/Qt5QuickWidgets.pc
2024-09-16 21:37:07,680 - aqt.updater - INFO - updater 140335970627584 Patching /home/sander/dev/shoopdaloop_rust_refactor/5.15.2/gcc_64/lib/pkgconfig/Qt5X11Extras.pc
2024-09-16 21:37:07,680 - aqt.updater - INFO - updater 140335970627584 Patching /home/sander/dev/shoopdaloop_rust_refactor/5.15.2/gcc_64/lib/pkgconfig/Qt5Positioning.pc
2024-09-16 21:37:07,680 - aqt.updater - INFO - updater 140335970627584 Patching /home/sander/dev/shoopdaloop_rust_refactor/5.15.2/gcc_64/lib/pkgconfig/Qt5MultimediaWidgets.pc
2024-09-16 21:37:07,680 - aqt.updater - INFO - updater 140335970627584 Patching /home/sander/dev/shoopdaloop_rust_refactor/5.15.2/gcc_64/lib/pkgconfig/Qt5RemoteObjects.pc
2024-09-16 21:37:07,680 - aqt.updater - INFO - updater 140335970627584 Patching /home/sander/dev/shoopdaloop_rust_refactor/5.15.2/gcc_64/lib/pkgconfig/Qt53DQuickAnimation.pc
2024-09-16 21:37:07,680 - aqt.updater - INFO - updater 140335970627584 Patching /home/sander/dev/shoopdaloop_rust_refactor/5.15.2/gcc_64/lib/pkgconfig/Qt5QmlWorkerScript.pc
2024-09-16 21:37:07,680 - aqt.updater - INFO - updater 140335970627584 Patching /home/sander/dev/shoopdaloop_rust_refactor/5.15.2/gcc_64/lib/pkgconfig/Qt5Bluetooth.pc
2024-09-16 21:37:07,680 - aqt.updater - INFO - updater 140335970627584 Patching /home/sander/dev/shoopdaloop_rust_refactor/5.15.2/gcc_64/lib/pkgconfig/Qt5QuickControls2.pc
2024-09-16 21:37:07,680 - aqt.updater - INFO - updater 140335970627584 Patching /home/sander/dev/shoopdaloop_rust_refactor/5.15.2/gcc_64/lib/pkgconfig/Qt53DInput.pc
2024-09-16 21:37:07,680 - aqt.updater - INFO - updater 140335970627584 Patching /home/sander/dev/shoopdaloop_rust_refactor/5.15.2/gcc_64/lib/pkgconfig/Qt5XmlPatterns.pc
2024-09-16 21:37:07,680 - aqt.updater - INFO - updater 140335970627584 Patching /home/sander/dev/shoopdaloop_rust_refactor/5.15.2/gcc_64/lib/pkgconfig/Qt5Network.pc
2024-09-16 21:37:07,681 - aqt.updater - INFO - updater 140335970627584 Patching /home/sander/dev/shoopdaloop_rust_refactor/5.15.2/gcc_64/lib/pkgconfig/Qt5UiPlugin.pc
2024-09-16 21:37:07,681 - aqt.updater - INFO - updater 140335970627584 Patching /home/sander/dev/shoopdaloop_rust_refactor/5.15.2/gcc_64/lib/pkgconfig/Qt5QuickTest.pc
2024-09-16 21:37:07,681 - aqt.updater - INFO - updater 140335970627584 Patching /home/sander/dev/shoopdaloop_rust_refactor/5.15.2/gcc_64/lib/pkgconfig/Qt5Concurrent.pc
2024-09-16 21:37:07,681 - aqt.updater - INFO - updater 140335970627584 Patching /home/sander/dev/shoopdaloop_rust_refactor/5.15.2/gcc_64/lib/pkgconfig/Qt5PrintSupport.pc
2024-09-16 21:37:07,681 - aqt.updater - INFO - updater 140335970627584 Patching /home/sander/dev/shoopdaloop_rust_refactor/5.15.2/gcc_64/lib/pkgconfig/Qt5Location.pc
2024-09-16 21:37:07,681 - aqt.updater - INFO - updater 140335970627584 Patching /home/sander/dev/shoopdaloop_rust_refactor/5.15.2/gcc_64/lib/pkgconfig/Qt5PositioningQuick.pc
2024-09-16 21:37:07,681 - aqt.updater - INFO - updater 140335970627584 Patching /home/sander/dev/shoopdaloop_rust_refactor/5.15.2/gcc_64/lib/pkgconfig/Qt5QuickTemplates2.pc
2024-09-16 21:37:07,681 - aqt.updater - INFO - updater 140335970627584 Patching /home/sander/dev/shoopdaloop_rust_refactor/5.15.2/gcc_64/lib/pkgconfig/Qt5OpenGLExtensions.pc
2024-09-16 21:37:07,681 - aqt.updater - INFO - updater 140335970627584 Patching /home/sander/dev/shoopdaloop_rust_refactor/5.15.2/gcc_64/lib/pkgconfig/Qt5Nfc.pc
2024-09-16 21:37:07,681 - aqt.updater - INFO - updater 140335970627584 Patching /home/sander/dev/shoopdaloop_rust_refactor/5.15.2/gcc_64/lib/libQt5XkbCommonSupport.la
2024-09-16 21:37:07,682 - aqt.updater - INFO - updater 140335970627584 Patching /home/sander/dev/shoopdaloop_rust_refactor/5.15.2/gcc_64/lib/libQt5Sql.la
2024-09-16 21:37:07,683 - aqt.updater - INFO - updater 140335970627584 Patching /home/sander/dev/shoopdaloop_rust_refactor/5.15.2/gcc_64/lib/libQt5FbSupport.la
2024-09-16 21:37:07,684 - aqt.updater - INFO - updater 140335970627584 Patching /home/sander/dev/shoopdaloop_rust_refactor/5.15.2/gcc_64/lib/libQt5QuickTemplates2.la
2024-09-16 21:37:07,685 - aqt.updater - INFO - updater 140335970627584 Patching /home/sander/dev/shoopdaloop_rust_refactor/5.15.2/gcc_64/lib/libQt5QmlModels.la
2024-09-16 21:37:07,686 - aqt.updater - INFO - updater 140335970627584 Patching /home/sander/dev/shoopdaloop_rust_refactor/5.15.2/gcc_64/lib/libQt53DCore.la
2024-09-16 21:37:07,686 - aqt.updater - INFO - updater 140335970627584 Patching /home/sander/dev/shoopdaloop_rust_refactor/5.15.2/gcc_64/lib/libQt5Widgets.la
2024-09-16 21:37:07,687 - aqt.updater - INFO - updater 140335970627584 Patching /home/sander/dev/shoopdaloop_rust_refactor/5.15.2/gcc_64/lib/libQt5OpenGLExtensions.la
2024-09-16 21:37:07,688 - aqt.updater - INFO - updater 140335970627584 Patching /home/sander/dev/shoopdaloop_rust_refactor/5.15.2/gcc_64/lib/libQt5QuickParticles.la
2024-09-16 21:37:07,689 - aqt.updater - INFO - updater 140335970627584 Patching /home/sander/dev/shoopdaloop_rust_refactor/5.15.2/gcc_64/lib/libQt5FontDatabaseSupport.la
2024-09-16 21:37:07,690 - aqt.updater - INFO - updater 140335970627584 Patching /home/sander/dev/shoopdaloop_rust_refactor/5.15.2/gcc_64/lib/libQt5QmlDevTools.la
2024-09-16 21:37:07,691 - aqt.updater - INFO - updater 140335970627584 Patching /home/sander/dev/shoopdaloop_rust_refactor/5.15.2/gcc_64/lib/libQt5Concurrent.la
2024-09-16 21:37:07,692 - aqt.updater - INFO - updater 140335970627584 Patching /home/sander/dev/shoopdaloop_rust_refactor/5.15.2/gcc_64/lib/libQt53DQuickScene2D.la
2024-09-16 21:37:07,693 - aqt.updater - INFO - updater 140335970627584 Patching /home/sander/dev/shoopdaloop_rust_refactor/5.15.2/gcc_64/lib/libQt5EventDispatcherSupport.la
2024-09-16 21:37:07,693 - aqt.updater - INFO - updater 140335970627584 Patching /home/sander/dev/shoopdaloop_rust_refactor/5.15.2/gcc_64/lib/libQt5Location.la
2024-09-16 21:37:07,694 - aqt.updater - INFO - updater 140335970627584 Patching /home/sander/dev/shoopdaloop_rust_refactor/5.15.2/gcc_64/lib/libQt5QmlDebug.la
2024-09-16 21:37:07,694 - aqt.updater - INFO - updater 140335970627584 Patching /home/sander/dev/shoopdaloop_rust_refactor/5.15.2/gcc_64/lib/libQt5Qml.la
2024-09-16 21:37:07,695 - aqt.updater - INFO - updater 140335970627584 Patching /home/sander/dev/shoopdaloop_rust_refactor/5.15.2/gcc_64/lib/libQt5Test.la
2024-09-16 21:37:07,696 - aqt.updater - INFO - updater 140335970627584 Patching /home/sander/dev/shoopdaloop_rust_refactor/5.15.2/gcc_64/lib/libQt53DQuick.la
2024-09-16 21:37:07,696 - aqt.updater - INFO - updater 140335970627584 Patching /home/sander/dev/shoopdaloop_rust_refactor/5.15.2/gcc_64/lib/libQt5ServiceSupport.la
2024-09-16 21:37:07,697 - aqt.updater - INFO - updater 140335970627584 Patching /home/sander/dev/shoopdaloop_rust_refactor/5.15.2/gcc_64/lib/libQt5Core.la
2024-09-16 21:37:07,698 - aqt.updater - INFO - updater 140335970627584 Patching /home/sander/dev/shoopdaloop_rust_refactor/5.15.2/gcc_64/lib/libQt5XmlPatterns.la
2024-09-16 21:37:07,699 - aqt.updater - INFO - updater 140335970627584 Patching /home/sander/dev/shoopdaloop_rust_refactor/5.15.2/gcc_64/lib/libQt5WebSockets.la
2024-09-16 21:37:07,700 - aqt.updater - INFO - updater 140335970627584 Patching /home/sander/dev/shoopdaloop_rust_refactor/5.15.2/gcc_64/lib/libQt53DQuickExtras.la
2024-09-16 21:37:07,700 - aqt.updater - INFO - updater 140335970627584 Patching /home/sander/dev/shoopdaloop_rust_refactor/5.15.2/gcc_64/lib/libQt53DQuickInput.la
2024-09-16 21:37:07,701 - aqt.updater - INFO - updater 140335970627584 Patching /home/sander/dev/shoopdaloop_rust_refactor/5.15.2/gcc_64/lib/libQt5DesignerComponents.la
2024-09-16 21:37:07,701 - aqt.updater - INFO - updater 140335970627584 Patching /home/sander/dev/shoopdaloop_rust_refactor/5.15.2/gcc_64/lib/libQt53DQuickAnimation.la
2024-09-16 21:37:07,702 - aqt.updater - INFO - updater 140335970627584 Patching /home/sander/dev/shoopdaloop_rust_refactor/5.15.2/gcc_64/lib/libQt5UiTools.la
2024-09-16 21:37:07,703 - aqt.updater - INFO - updater 140335970627584 Patching /home/sander/dev/shoopdaloop_rust_refactor/5.15.2/gcc_64/lib/libQt5KmsSupport.la
2024-09-16 21:37:07,703 - aqt.updater - INFO - updater 140335970627584 Patching /home/sander/dev/shoopdaloop_rust_refactor/5.15.2/gcc_64/lib/libQt5QmlWorkerScript.la
2024-09-16 21:37:07,704 - aqt.updater - INFO - updater 140335970627584 Patching /home/sander/dev/shoopdaloop_rust_refactor/5.15.2/gcc_64/lib/libQt5GlxSupport.la
2024-09-16 21:37:07,705 - aqt.updater - INFO - updater 140335970627584 Patching /home/sander/dev/shoopdaloop_rust_refactor/5.15.2/gcc_64/lib/libQt5EglSupport.la
2024-09-16 21:37:07,707 - aqt.updater - INFO - updater 140335970627584 Patching /home/sander/dev/shoopdaloop_rust_refactor/5.15.2/gcc_64/lib/libQt5Multimedia.la
2024-09-16 21:37:07,707 - aqt.updater - INFO - updater 140335970627584 Patching /home/sander/dev/shoopdaloop_rust_refactor/5.15.2/gcc_64/lib/libQt5WaylandClient.la
2024-09-16 21:37:07,708 - aqt.updater - INFO - updater 140335970627584 Patching /home/sander/dev/shoopdaloop_rust_refactor/5.15.2/gcc_64/lib/libQt5OpenGL.la
2024-09-16 21:37:07,709 - aqt.updater - INFO - updater 140335970627584 Patching /home/sander/dev/shoopdaloop_rust_refactor/5.15.2/gcc_64/lib/libQt5QuickShapes.la
2024-09-16 21:37:07,709 - aqt.updater - INFO - updater 140335970627584 Patching /home/sander/dev/shoopdaloop_rust_refactor/5.15.2/gcc_64/lib/Qt5RepParser.la
2024-09-16 21:37:07,710 - aqt.updater - INFO - updater 140335970627584 Patching /home/sander/dev/shoopdaloop_rust_refactor/5.15.2/gcc_64/lib/libQt5WebChannel.la
2024-09-16 21:37:07,711 - aqt.updater - INFO - updater 140335970627584 Patching /home/sander/dev/shoopdaloop_rust_refactor/5.15.2/gcc_64/lib/libQt5MultimediaQuick.la
2024-09-16 21:37:07,711 - aqt.updater - INFO - updater 140335970627584 Patching /home/sander/dev/shoopdaloop_rust_refactor/5.15.2/gcc_64/lib/libQt5Positioning.la
2024-09-16 21:37:07,712 - aqt.updater - INFO - updater 140335970627584 Patching /home/sander/dev/shoopdaloop_rust_refactor/5.15.2/gcc_64/lib/libQt5MultimediaGstTools.la
2024-09-16 21:37:07,713 - aqt.updater - INFO - updater 140335970627584 Patching /home/sander/dev/shoopdaloop_rust_refactor/5.15.2/gcc_64/lib/libQt5WebView.la
2024-09-16 21:37:07,714 - aqt.updater - INFO - updater 140335970627584 Patching /home/sander/dev/shoopdaloop_rust_refactor/5.15.2/gcc_64/lib/libQt5XcbQpa.la
2024-09-16 21:37:07,714 - aqt.updater - INFO - updater 140335970627584 Patching /home/sander/dev/shoopdaloop_rust_refactor/5.15.2/gcc_64/lib/libQt5Quick.la
2024-09-16 21:37:07,715 - aqt.updater - INFO - updater 140335970627584 Patching /home/sander/dev/shoopdaloop_rust_refactor/5.15.2/gcc_64/lib/libQt5PacketProtocol.la
2024-09-16 21:37:07,716 - aqt.updater - INFO - updater 140335970627584 Patching /home/sander/dev/shoopdaloop_rust_refactor/5.15.2/gcc_64/lib/libQt5Xml.la
2024-09-16 21:37:07,717 - aqt.updater - INFO - updater 140335970627584 Patching /home/sander/dev/shoopdaloop_rust_refactor/5.15.2/gcc_64/lib/libQt5Network.la
2024-09-16 21:37:07,717 - aqt.updater - INFO - updater 140335970627584 Patching /home/sander/dev/shoopdaloop_rust_refactor/5.15.2/gcc_64/lib/libQt5InputSupport.la
2024-09-16 21:37:07,718 - aqt.updater - INFO - updater 140335970627584 Patching /home/sander/dev/shoopdaloop_rust_refactor/5.15.2/gcc_64/lib/libQt5VulkanSupport.la
2024-09-16 21:37:07,719 - aqt.updater - INFO - updater 140335970627584 Patching /home/sander/dev/shoopdaloop_rust_refactor/5.15.2/gcc_64/lib/libQt5Bootstrap.la
2024-09-16 21:37:07,719 - aqt.updater - INFO - updater 140335970627584 Patching /home/sander/dev/shoopdaloop_rust_refactor/5.15.2/gcc_64/lib/libQt5EdidSupport.la
2024-09-16 21:37:07,720 - aqt.updater - INFO - updater 140335970627584 Patching /home/sander/dev/shoopdaloop_rust_refactor/5.15.2/gcc_64/lib/libQt53DQuickRender.la
2024-09-16 21:37:07,720 - aqt.updater - INFO - updater 140335970627584 Patching /home/sander/dev/shoopdaloop_rust_refactor/5.15.2/gcc_64/lib/libQt5QuickTest.la
2024-09-16 21:37:07,721 - aqt.updater - INFO - updater 140335970627584 Patching /home/sander/dev/shoopdaloop_rust_refactor/5.15.2/gcc_64/lib/libQt5PrintSupport.la
2024-09-16 21:37:07,722 - aqt.updater - INFO - updater 140335970627584 Patching /home/sander/dev/shoopdaloop_rust_refactor/5.15.2/gcc_64/lib/libQt5Nfc.la
2024-09-16 21:37:07,723 - aqt.updater - INFO - updater 140335970627584 Patching /home/sander/dev/shoopdaloop_rust_refactor/5.15.2/gcc_64/lib/libQt5TextToSpeech.la
2024-09-16 21:37:07,723 - aqt.updater - INFO - updater 140335970627584 Patching /home/sander/dev/shoopdaloop_rust_refactor/5.15.2/gcc_64/lib/libQt5EglFSDeviceIntegration.la
2024-09-16 21:37:07,724 - aqt.updater - INFO - updater 140335970627584 Patching /home/sander/dev/shoopdaloop_rust_refactor/5.15.2/gcc_64/lib/libQt5LinuxAccessibilitySupport.la
2024-09-16 21:37:07,725 - aqt.updater - INFO - updater 140335970627584 Patching /home/sander/dev/shoopdaloop_rust_refactor/5.15.2/gcc_64/lib/libQt5QuickControls2.la
2024-09-16 21:37:07,725 - aqt.updater - INFO - updater 140335970627584 Patching /home/sander/dev/shoopdaloop_rust_refactor/5.15.2/gcc_64/lib/libQt5Designer.la
2024-09-16 21:37:07,726 - aqt.updater - INFO - updater 140335970627584 Patching /home/sander/dev/shoopdaloop_rust_refactor/5.15.2/gcc_64/lib/libQt53DAnimation.la
2024-09-16 21:37:07,727 - aqt.updater - INFO - updater 140335970627584 Patching /home/sander/dev/shoopdaloop_rust_refactor/5.15.2/gcc_64/lib/libQt5Help.la
2024-09-16 21:37:07,728 - aqt.updater - INFO - updater 140335970627584 Patching /home/sander/dev/shoopdaloop_rust_refactor/5.15.2/gcc_64/lib/libQt5X11Extras.la
2024-09-16 21:37:07,729 - aqt.updater - INFO - updater 140335970627584 Patching /home/sander/dev/shoopdaloop_rust_refactor/5.15.2/gcc_64/lib/libQt5ThemeSupport.la
2024-09-16 21:37:07,729 - aqt.updater - INFO - updater 140335970627584 Patching /home/sander/dev/shoopdaloop_rust_refactor/5.15.2/gcc_64/lib/libQt5PositioningQuick.la
2024-09-16 21:37:07,730 - aqt.updater - INFO - updater 140335970627584 Patching /home/sander/dev/shoopdaloop_rust_refactor/5.15.2/gcc_64/lib/libQt53DRender.la
2024-09-16 21:37:07,731 - aqt.updater - INFO - updater 140335970627584 Patching /home/sander/dev/shoopdaloop_rust_refactor/5.15.2/gcc_64/lib/libQt53DLogic.la
2024-09-16 21:37:07,732 - aqt.updater - INFO - updater 140335970627584 Patching /home/sander/dev/shoopdaloop_rust_refactor/5.15.2/gcc_64/lib/libQt5Scxml.la
2024-09-16 21:37:07,732 - aqt.updater - INFO - updater 140335970627584 Patching /home/sander/dev/shoopdaloop_rust_refactor/5.15.2/gcc_64/lib/libQt5DBus.la
2024-09-16 21:37:07,733 - aqt.updater - INFO - updater 140335970627584 Patching /home/sander/dev/shoopdaloop_rust_refactor/5.15.2/gcc_64/lib/libQt5Bluetooth.la
2024-09-16 21:37:07,734 - aqt.updater - INFO - updater 140335970627584 Patching /home/sander/dev/shoopdaloop_rust_refactor/5.15.2/gcc_64/lib/libQt5Sensors.la
2024-09-16 21:37:07,734 - aqt.updater - INFO - updater 140335970627584 Patching /home/sander/dev/shoopdaloop_rust_refactor/5.15.2/gcc_64/lib/libQt5AccessibilitySupport.la
2024-09-16 21:37:07,735 - aqt.updater - INFO - updater 140335970627584 Patching /home/sander/dev/shoopdaloop_rust_refactor/5.15.2/gcc_64/lib/Qt5UiPlugin.la
2024-09-16 21:37:07,735 - aqt.updater - INFO - updater 140335970627584 Patching /home/sander/dev/shoopdaloop_rust_refactor/5.15.2/gcc_64/lib/libQt5RemoteObjects.la
2024-09-16 21:37:07,736 - aqt.updater - INFO - updater 140335970627584 Patching /home/sander/dev/shoopdaloop_rust_refactor/5.15.2/gcc_64/lib/libQt5Gui.la
2024-09-16 21:37:07,737 - aqt.updater - INFO - updater 140335970627584 Patching /home/sander/dev/shoopdaloop_rust_refactor/5.15.2/gcc_64/lib/libQt5PlatformCompositorSupport.la
2024-09-16 21:37:07,737 - aqt.updater - INFO - updater 140335970627584 Patching /home/sander/dev/shoopdaloop_rust_refactor/5.15.2/gcc_64/lib/libQt5QuickWidgets.la
2024-09-16 21:37:07,738 - aqt.updater - INFO - updater 140335970627584 Patching /home/sander/dev/shoopdaloop_rust_refactor/5.15.2/gcc_64/lib/libQt5SerialBus.la
2024-09-16 21:37:07,739 - aqt.updater - INFO - updater 140335970627584 Patching /home/sander/dev/shoopdaloop_rust_refactor/5.15.2/gcc_64/lib/libQt53DExtras.la
2024-09-16 21:37:07,740 - aqt.updater - INFO - updater 140335970627584 Patching /home/sander/dev/shoopdaloop_rust_refactor/5.15.2/gcc_64/lib/libQt5EglFsKmsSupport.la
2024-09-16 21:37:07,741 - aqt.updater - INFO - updater 140335970627584 Patching /home/sander/dev/shoopdaloop_rust_refactor/5.15.2/gcc_64/lib/libQt53DInput.la
2024-09-16 21:37:07,741 - aqt.updater - INFO - updater 140335970627584 Patching /home/sander/dev/shoopdaloop_rust_refactor/5.15.2/gcc_64/lib/libQt5SerialPort.la
2024-09-16 21:37:07,742 - aqt.updater - INFO - updater 140335970627584 Patching /home/sander/dev/shoopdaloop_rust_refactor/5.15.2/gcc_64/lib/libQt5MultimediaWidgets.la
2024-09-16 21:37:07,743 - aqt.updater - INFO - updater 140335970627584 Patching /home/sander/dev/shoopdaloop_rust_refactor/5.15.2/gcc_64/lib/libQt5DeviceDiscoverySupport.la
2024-09-16 21:37:07,743 - aqt.updater - INFO - updater 140335970627584 Patching /home/sander/dev/shoopdaloop_rust_refactor/5.15.2/gcc_64/lib/libQt5Gamepad.la
2024-09-16 21:37:07,744 - aqt.updater - INFO - updater 140335970627584 Patching /home/sander/dev/shoopdaloop_rust_refactor/5.15.2/gcc_64/lib/libQt5Svg.la
2024-09-16 21:37:07,745 - aqt.updater - INFO - updater 140335970627584 Patching /home/sander/dev/shoopdaloop_rust_refactor/5.15.2/gcc_64/lib/libQt5Network.prl
2024-09-16 21:37:07,745 - aqt.updater - INFO - updater 140335970627584 Patching /home/sander/dev/shoopdaloop_rust_refactor/5.15.2/gcc_64/lib/libQt5Core.prl
2024-09-16 21:37:07,745 - aqt.updater - INFO - updater 140335970627584 Patching /home/sander/dev/shoopdaloop_rust_refactor/5.15.2/gcc_64/lib/libQt5UiTools.prl
2024-09-16 21:37:07,745 - aqt.updater - INFO - updater 140335970627584 Patching /home/sander/dev/shoopdaloop_rust_refactor/5.15.2/gcc_64/lib/libQt5UiPlugin.prl
2024-09-16 21:37:07,746 - aqt.updater - INFO - updater 140335970627584 Patching /home/sander/dev/shoopdaloop_rust_refactor/5.15.2/gcc_64/lib/libQt5QuickShapes.prl
2024-09-16 21:37:07,746 - aqt.updater - INFO - updater 140335970627584 Patching /home/sander/dev/shoopdaloop_rust_refactor/5.15.2/gcc_64/lib/libqtlibpng.prl
2024-09-16 21:37:07,746 - aqt.updater - INFO - updater 140335970627584 Patching /home/sander/dev/shoopdaloop_rust_refactor/5.15.2/gcc_64/lib/libQt5DesignerComponents.prl
2024-09-16 21:37:07,746 - aqt.updater - INFO - updater 140335970627584 Patching /home/sander/dev/shoopdaloop_rust_refactor/5.15.2/gcc_64/lib/libQt5QuickControls2.prl
2024-09-16 21:37:07,746 - aqt.updater - INFO - updater 140335970627584 Patching /home/sander/dev/shoopdaloop_rust_refactor/5.15.2/gcc_64/lib/libQt5OpenGLExtensions.prl
2024-09-16 21:37:07,746 - aqt.updater - INFO - updater 140335970627584 Patching /home/sander/dev/shoopdaloop_rust_refactor/5.15.2/gcc_64/lib/libQt5XcbQpa.prl
2024-09-16 21:37:07,746 - aqt.updater - INFO - updater 140335970627584 Patching /home/sander/dev/shoopdaloop_rust_refactor/5.15.2/gcc_64/lib/libQt5Quick.prl
2024-09-16 21:37:07,746 - aqt.updater - INFO - updater 140335970627584 Patching /home/sander/dev/shoopdaloop_rust_refactor/5.15.2/gcc_64/lib/libQt5SerialBus.prl
2024-09-16 21:37:07,746 - aqt.updater - INFO - updater 140335970627584 Patching /home/sander/dev/shoopdaloop_rust_refactor/5.15.2/gcc_64/lib/libQt5GlxSupport.prl
2024-09-16 21:37:07,746 - aqt.updater - INFO - updater 140335970627584 Patching /home/sander/dev/shoopdaloop_rust_refactor/5.15.2/gcc_64/lib/libQt5EventDispatcherSupport.prl
2024-09-16 21:37:07,746 - aqt.updater - INFO - updater 140335970627584 Patching /home/sander/dev/shoopdaloop_rust_refactor/5.15.2/gcc_64/lib/libQt5AccessibilitySupport.prl
2024-09-16 21:37:07,747 - aqt.updater - INFO - updater 140335970627584 Patching /home/sander/dev/shoopdaloop_rust_refactor/5.15.2/gcc_64/lib/libQt5Concurrent.prl
2024-09-16 21:37:07,747 - aqt.updater - INFO - updater 140335970627584 Patching /home/sander/dev/shoopdaloop_rust_refactor/5.15.2/gcc_64/lib/libQt5Location.prl
2024-09-16 21:37:07,747 - aqt.updater - INFO - updater 140335970627584 Patching /home/sander/dev/shoopdaloop_rust_refactor/5.15.2/gcc_64/lib/libQt5Gamepad.prl
2024-09-16 21:37:07,747 - aqt.updater - INFO - updater 140335970627584 Patching /home/sander/dev/shoopdaloop_rust_refactor/5.15.2/gcc_64/lib/libQt5X11Extras.prl
2024-09-16 21:37:07,747 - aqt.updater - INFO - updater 140335970627584 Patching /home/sander/dev/shoopdaloop_rust_refactor/5.15.2/gcc_64/lib/libQt5ServiceSupport.prl
2024-09-16 21:37:07,747 - aqt.updater - INFO - updater 140335970627584 Patching /home/sander/dev/shoopdaloop_rust_refactor/5.15.2/gcc_64/lib/libQt5XmlPatterns.prl
2024-09-16 21:37:07,747 - aqt.updater - INFO - updater 140335970627584 Patching /home/sander/dev/shoopdaloop_rust_refactor/5.15.2/gcc_64/lib/libQt5Widgets.prl
2024-09-16 21:37:07,747 - aqt.updater - INFO - updater 140335970627584 Patching /home/sander/dev/shoopdaloop_rust_refactor/5.15.2/gcc_64/lib/libQt5WebView.prl
2024-09-16 21:37:07,747 - aqt.updater - INFO - updater 140335970627584 Patching /home/sander/dev/shoopdaloop_rust_refactor/5.15.2/gcc_64/lib/libQt5SerialPort.prl
2024-09-16 21:37:07,747 - aqt.updater - INFO - updater 140335970627584 Patching /home/sander/dev/shoopdaloop_rust_refactor/5.15.2/gcc_64/lib/libQt5FbSupport.prl
2024-09-16 21:37:07,747 - aqt.updater - INFO - updater 140335970627584 Patching /home/sander/dev/shoopdaloop_rust_refactor/5.15.2/gcc_64/lib/libQt5Multimedia.prl
2024-09-16 21:37:07,747 - aqt.updater - INFO - updater 140335970627584 Patching /home/sander/dev/shoopdaloop_rust_refactor/5.15.2/gcc_64/lib/libQt5VulkanSupport.prl
2024-09-16 21:37:07,748 - aqt.updater - INFO - updater 140335970627584 Patching /home/sander/dev/shoopdaloop_rust_refactor/5.15.2/gcc_64/lib/libQt5DBus.prl
2024-09-16 21:37:07,748 - aqt.updater - INFO - updater 140335970627584 Patching /home/sander/dev/shoopdaloop_rust_refactor/5.15.2/gcc_64/lib/libQt5Help.prl
2024-09-16 21:37:07,748 - aqt.updater - INFO - updater 140335970627584 Patching /home/sander/dev/shoopdaloop_rust_refactor/5.15.2/gcc_64/lib/libQt5Positioning.prl
2024-09-16 21:37:07,748 - aqt.updater - INFO - updater 140335970627584 Patching /home/sander/dev/shoopdaloop_rust_refactor/5.15.2/gcc_64/lib/libQt5LinuxAccessibilitySupport.prl
2024-09-16 21:37:07,748 - aqt.updater - INFO - updater 140335970627584 Patching /home/sander/dev/shoopdaloop_rust_refactor/5.15.2/gcc_64/lib/libQt5WaylandClient.prl
2024-09-16 21:37:07,748 - aqt.updater - INFO - updater 140335970627584 Patching /home/sander/dev/shoopdaloop_rust_refactor/5.15.2/gcc_64/lib/libQt5Test.prl
2024-09-16 21:37:07,748 - aqt.updater - INFO - updater 140335970627584 Patching /home/sander/dev/shoopdaloop_rust_refactor/5.15.2/gcc_64/lib/libQt5WebSockets.prl
2024-09-16 21:37:07,748 - aqt.updater - INFO - updater 140335970627584 Patching /home/sander/dev/shoopdaloop_rust_refactor/5.15.2/gcc_64/lib/libQt5PositioningQuick.prl
2024-09-16 21:37:07,748 - aqt.updater - INFO - updater 140335970627584 Patching /home/sander/dev/shoopdaloop_rust_refactor/5.15.2/gcc_64/lib/libQt5RemoteObjects.prl
2024-09-16 21:37:07,748 - aqt.updater - INFO - updater 140335970627584 Patching /home/sander/dev/shoopdaloop_rust_refactor/5.15.2/gcc_64/lib/libQt5Qml.prl
2024-09-16 21:37:07,748 - aqt.updater - INFO - updater 140335970627584 Patching /home/sander/dev/shoopdaloop_rust_refactor/5.15.2/gcc_64/lib/libQt5Bootstrap.prl
2024-09-16 21:37:07,748 - aqt.updater - INFO - updater 140335970627584 Patching /home/sander/dev/shoopdaloop_rust_refactor/5.15.2/gcc_64/lib/libQt53DCore.prl
2024-09-16 21:37:07,749 - aqt.updater - INFO - updater 140335970627584 Patching /home/sander/dev/shoopdaloop_rust_refactor/5.15.2/gcc_64/lib/libQt5Nfc.prl
2024-09-16 21:37:07,749 - aqt.updater - INFO - updater 140335970627584 Patching /home/sander/dev/shoopdaloop_rust_refactor/5.15.2/gcc_64/lib/libQt5QmlWorkerScript.prl
2024-09-16 21:37:07,749 - aqt.updater - INFO - updater 140335970627584 Patching /home/sander/dev/shoopdaloop_rust_refactor/5.15.2/gcc_64/lib/libQt53DRender.prl
2024-09-16 21:37:07,749 - aqt.updater - INFO - updater 140335970627584 Patching /home/sander/dev/shoopdaloop_rust_refactor/5.15.2/gcc_64/lib/libQt5DeviceDiscoverySupport.prl
2024-09-16 21:37:07,749 - aqt.updater - INFO - updater 140335970627584 Patching /home/sander/dev/shoopdaloop_rust_refactor/5.15.2/gcc_64/lib/libQt5EglSupport.prl
2024-09-16 21:37:07,749 - aqt.updater - INFO - updater 140335970627584 Patching /home/sander/dev/shoopdaloop_rust_refactor/5.15.2/gcc_64/lib/libQt5QmlDebug.prl
2024-09-16 21:37:07,749 - aqt.updater - INFO - updater 140335970627584 Patching /home/sander/dev/shoopdaloop_rust_refactor/5.15.2/gcc_64/lib/libQt5QuickWidgets.prl
2024-09-16 21:37:07,749 - aqt.updater - INFO - updater 140335970627584 Patching /home/sander/dev/shoopdaloop_rust_refactor/5.15.2/gcc_64/lib/libQt5InputSupport.prl
2024-09-16 21:37:07,749 - aqt.updater - INFO - updater 140335970627584 Patching /home/sander/dev/shoopdaloop_rust_refactor/5.15.2/gcc_64/lib/libQt5TextToSpeech.prl
2024-09-16 21:37:07,749 - aqt.updater - INFO - updater 140335970627584 Patching /home/sander/dev/shoopdaloop_rust_refactor/5.15.2/gcc_64/lib/libQt5Bluetooth.prl
2024-09-16 21:37:07,749 - aqt.updater - INFO - updater 140335970627584 Patching /home/sander/dev/shoopdaloop_rust_refactor/5.15.2/gcc_64/lib/libQt5MultimediaWidgets.prl
2024-09-16 21:37:07,749 - aqt.updater - INFO - updater 140335970627584 Patching /home/sander/dev/shoopdaloop_rust_refactor/5.15.2/gcc_64/lib/libQt53DQuick.prl
2024-09-16 21:37:07,749 - aqt.updater - INFO - updater 140335970627584 Patching /home/sander/dev/shoopdaloop_rust_refactor/5.15.2/gcc_64/lib/libQt53DQuickAnimation.prl
2024-09-16 21:37:07,750 - aqt.updater - INFO - updater 140335970627584 Patching /home/sander/dev/shoopdaloop_rust_refactor/5.15.2/gcc_64/lib/libQt5ThemeSupport.prl
2024-09-16 21:37:07,750 - aqt.updater - INFO - updater 140335970627584 Patching /home/sander/dev/shoopdaloop_rust_refactor/5.15.2/gcc_64/lib/libQt53DQuickScene2D.prl
2024-09-16 21:37:07,750 - aqt.updater - INFO - updater 140335970627584 Patching /home/sander/dev/shoopdaloop_rust_refactor/5.15.2/gcc_64/lib/libQt53DAnimation.prl
2024-09-16 21:37:07,750 - aqt.updater - INFO - updater 140335970627584 Patching /home/sander/dev/shoopdaloop_rust_refactor/5.15.2/gcc_64/lib/libQt53DQuickRender.prl
2024-09-16 21:37:07,750 - aqt.updater - INFO - updater 140335970627584 Patching /home/sander/dev/shoopdaloop_rust_refactor/5.15.2/gcc_64/lib/libQt5EglFSDeviceIntegration.prl
2024-09-16 21:37:07,750 - aqt.updater - INFO - updater 140335970627584 Patching /home/sander/dev/shoopdaloop_rust_refactor/5.15.2/gcc_64/lib/libQt5Sensors.prl
2024-09-16 21:37:07,750 - aqt.updater - INFO - updater 140335970627584 Patching /home/sander/dev/shoopdaloop_rust_refactor/5.15.2/gcc_64/lib/libQt53DLogic.prl
2024-09-16 21:37:07,750 - aqt.updater - INFO - updater 140335970627584 Patching /home/sander/dev/shoopdaloop_rust_refactor/5.15.2/gcc_64/lib/libQt5EglFsKmsSupport.prl
2024-09-16 21:37:07,750 - aqt.updater - INFO - updater 140335970627584 Patching /home/sander/dev/shoopdaloop_rust_refactor/5.15.2/gcc_64/lib/libQt5Gui.prl
2024-09-16 21:37:07,750 - aqt.updater - INFO - updater 140335970627584 Patching /home/sander/dev/shoopdaloop_rust_refactor/5.15.2/gcc_64/lib/libQt53DExtras.prl
2024-09-16 21:37:07,750 - aqt.updater - INFO - updater 140335970627584 Patching /home/sander/dev/shoopdaloop_rust_refactor/5.15.2/gcc_64/lib/libQt5Designer.prl
2024-09-16 21:37:07,750 - aqt.updater - INFO - updater 140335970627584 Patching /home/sander/dev/shoopdaloop_rust_refactor/5.15.2/gcc_64/lib/libQt5PrintSupport.prl
2024-09-16 21:37:07,750 - aqt.updater - INFO - updater 140335970627584 Patching /home/sander/dev/shoopdaloop_rust_refactor/5.15.2/gcc_64/lib/libQt5QuickTemplates2.prl
2024-09-16 21:37:07,750 - aqt.updater - INFO - updater 140335970627584 Patching /home/sander/dev/shoopdaloop_rust_refactor/5.15.2/gcc_64/lib/libQt5Xml.prl
2024-09-16 21:37:07,750 - aqt.updater - INFO - updater 140335970627584 Patching /home/sander/dev/shoopdaloop_rust_refactor/5.15.2/gcc_64/lib/libQt5RepParser.prl
2024-09-16 21:37:07,751 - aqt.updater - INFO - updater 140335970627584 Patching /home/sander/dev/shoopdaloop_rust_refactor/5.15.2/gcc_64/lib/libQt5Scxml.prl
2024-09-16 21:37:07,751 - aqt.updater - INFO - updater 140335970627584 Patching /home/sander/dev/shoopdaloop_rust_refactor/5.15.2/gcc_64/lib/libQt53DQuickExtras.prl
2024-09-16 21:37:07,751 - aqt.updater - INFO - updater 140335970627584 Patching /home/sander/dev/shoopdaloop_rust_refactor/5.15.2/gcc_64/lib/libQt5OpenGL.prl
2024-09-16 21:37:07,751 - aqt.updater - INFO - updater 140335970627584 Patching /home/sander/dev/shoopdaloop_rust_refactor/5.15.2/gcc_64/lib/libQt5Svg.prl
2024-09-16 21:37:07,751 - aqt.updater - INFO - updater 140335970627584 Patching /home/sander/dev/shoopdaloop_rust_refactor/5.15.2/gcc_64/lib/libQt5EdidSupport.prl
2024-09-16 21:37:07,751 - aqt.updater - INFO - updater 140335970627584 Patching /home/sander/dev/shoopdaloop_rust_refactor/5.15.2/gcc_64/lib/libQt5Sql.prl
2024-09-16 21:37:07,751 - aqt.updater - INFO - updater 140335970627584 Patching /home/sander/dev/shoopdaloop_rust_refactor/5.15.2/gcc_64/lib/libQt53DQuickInput.prl
2024-09-16 21:37:07,751 - aqt.updater - INFO - updater 140335970627584 Patching /home/sander/dev/shoopdaloop_rust_refactor/5.15.2/gcc_64/lib/libQt53DInput.prl
2024-09-16 21:37:07,751 - aqt.updater - INFO - updater 140335970627584 Patching /home/sander/dev/shoopdaloop_rust_refactor/5.15.2/gcc_64/lib/libQt5PlatformCompositorSupport.prl
2024-09-16 21:37:07,751 - aqt.updater - INFO - updater 140335970627584 Patching /home/sander/dev/shoopdaloop_rust_refactor/5.15.2/gcc_64/lib/libQt5MultimediaQuick.prl
2024-09-16 21:37:07,751 - aqt.updater - INFO - updater 140335970627584 Patching /home/sander/dev/shoopdaloop_rust_refactor/5.15.2/gcc_64/lib/libQt5QuickTest.prl
2024-09-16 21:37:07,751 - aqt.updater - INFO - updater 140335970627584 Patching /home/sander/dev/shoopdaloop_rust_refactor/5.15.2/gcc_64/lib/libQt5XkbCommonSupport.prl
2024-09-16 21:37:07,752 - aqt.updater - INFO - updater 140335970627584 Patching /home/sander/dev/shoopdaloop_rust_refactor/5.15.2/gcc_64/lib/libQt5KmsSupport.prl
2024-09-16 21:37:07,752 - aqt.updater - INFO - updater 140335970627584 Patching /home/sander/dev/shoopdaloop_rust_refactor/5.15.2/gcc_64/lib/libQt5PacketProtocol.prl
2024-09-16 21:37:07,752 - aqt.updater - INFO - updater 140335970627584 Patching /home/sander/dev/shoopdaloop_rust_refactor/5.15.2/gcc_64/lib/libQt5MultimediaGstTools.prl
2024-09-16 21:37:07,752 - aqt.updater - INFO - updater 140335970627584 Patching /home/sander/dev/shoopdaloop_rust_refactor/5.15.2/gcc_64/lib/libQt5QuickParticles.prl
2024-09-16 21:37:07,752 - aqt.updater - INFO - updater 140335970627584 Patching /home/sander/dev/shoopdaloop_rust_refactor/5.15.2/gcc_64/lib/libQt5FontDatabaseSupport.prl
2024-09-16 21:37:07,752 - aqt.updater - INFO - updater 140335970627584 Patching /home/sander/dev/shoopdaloop_rust_refactor/5.15.2/gcc_64/lib/libQt5QmlModels.prl
2024-09-16 21:37:07,752 - aqt.updater - INFO - updater 140335970627584 Patching /home/sander/dev/shoopdaloop_rust_refactor/5.15.2/gcc_64/lib/libQt5WebChannel.prl
2024-09-16 21:37:07,752 - aqt.updater - INFO - updater 140335970627584 Patching /home/sander/dev/shoopdaloop_rust_refactor/5.15.2/gcc_64/lib/libQt5QmlDevTools.prl
2024-09-16 21:37:07,752 - aqt.main - INFO - installer 140335970627584 Finished installation
2024-09-16 21:37:07,752 - aqt.main - INFO - installer 140335970627584 Time elapsed: 34.71090157 second
